[INFO ] 22-02-2021 11:49:34.484 TC_LoginTest_001 - ****TC_LoginTest_001 successfuly******
[INFO ] 22-02-2021 11:49:37.165 TC_LoginTest_001 - ***** Starting TC_LoginTest_001******
[INFO ] 22-02-2021 11:49:37.459 TC_LoginTest_001 - **** Validating Title*****
[INFO ] 22-02-2021 11:49:42.546 TC_LoginTest_001 - **** clicks on logout*****
[INFO ] 23-02-2021 12:09:00.705 TC_LoginTest_001 - ****TC_LoginTest_001 successfuly******
[INFO ] 23-02-2021 12:09:00.730 TC_LoginTest_001 - **** Validating Title*****
[INFO ] 23-02-2021 12:10:42.124 TC_LoginTest_001 - ****TC_LoginTest_001 successfuly******
[INFO ] 23-02-2021 12:10:42.188 TC_LoginTest_001 - ***** Starting TC_LoginTest_001******
[INFO ] 23-02-2021 12:10:42.203 TC_LoginTest_001 - **** Validating Title*****
[INFO ] 23-02-2021 12:11:23.743 TC_LoginTest_001 - ****TC_LoginTest_001 successfuly******
[INFO ] 23-02-2021 12:11:23.798 TC_LoginTest_001 - ***** Starting TC_LoginTest_001******
[INFO ] 23-02-2021 12:11:23.816 TC_LoginTest_001 - **** Validating Title*****
[INFO ] 23-02-2021 12:13:12.023 TC_LoginTest_001 - ****TC_LoginTest_001 successfuly******
[INFO ] 23-02-2021 12:13:12.087 TC_LoginTest_001 - ***** Starting TC_LoginTest_001******
[INFO ] 23-02-2021 12:13:12.101 TC_LoginTest_001 - **** Validating Title*****
[INFO ] 23-02-2021 12:33:31.588 TC_LoginTest_001 - ****TC_LoginTest_001 successfuly******
[INFO ] 23-02-2021 12:33:31.609 TC_LoginTest_001 - **** Validating Title*****
[INFO ] 23-02-2021 01:21:45.398 TC_LoginTest_001 - ****TC_LoginTest_001 successfuly******
[INFO ] 23-02-2021 01:21:49.462 TC_LoginTest_001 - ***** Starting TC_LoginTest_001******
[INFO ] 23-02-2021 01:21:49.474 TC_LoginTest_001 - **** Validating Title*****
[INFO ] 23-02-2021 01:25:47.213 TC_LoginTest_001 - ****TC_LoginTest_001 successfuly******
[INFO ] 23-02-2021 01:25:56.748 TC_LoginTest_001 - ***** Starting TC_LoginTest_001******
[INFO ] 23-02-2021 01:25:57.091 TC_LoginTest_001 - **** Validating Title*****
[INFO ] 23-02-2021 01:26:02.173 TC_LoginTest_001 - **** clicks on logout*****
[INFO ] 23-02-2021 01:26:52.084 TC_LoginTest_001 - ****TC_LoginTest_001 successfuly******
[INFO ] 23-02-2021 01:26:56.153 TC_LoginTest_001 - ***** Starting TC_LoginTest_001******
[INFO ] 23-02-2021 01:26:56.176 TC_LoginTest_001 - **** Validating Title*****
[INFO ] 23-02-2021 01:35:03.540 TC_LoginTest_001 - ****TC_LoginTest_001 successfuly******
[INFO ] 23-02-2021 01:35:07.626 TC_LoginTest_001 - ***** Starting TC_LoginTest_001******
[INFO ] 23-02-2021 01:35:07.646 TC_LoginTest_001 - **** Validating Title*****
[INFO ] 23-02-2021 01:37:19.385 TC_LoginTest_001 - ****TC_LoginTest_001 successfuly******
[INFO ] 23-02-2021 01:37:23.439 TC_LoginTest_001 - ***** Starting TC_LoginTest_001******
[INFO ] 23-02-2021 01:37:23.469 TC_LoginTest_001 - **** Validating Title*****
[INFO ] 23-02-2021 01:41:12.143 TC_LoginTest_001 - ****TC_LoginTest_001 successfuly******
[INFO ] 23-02-2021 01:41:16.189 TC_LoginTest_001 - ***** Starting TC_LoginTest_001******
[INFO ] 23-02-2021 01:41:16.205 TC_LoginTest_001 - **** Validating Title*****
[INFO ] 23-02-2021 11:26:01.379 TC_LoginTest_001 - ****TC_LoginTest_001 successfuly******
[INFO ] 23-02-2021 11:26:01.451 TC_LoginTest_001 - ***** Starting TC_LoginTest_001******
[INFO ] 23-02-2021 11:26:01.471 TC_LoginTest_001 - **** Validating Title*****
[INFO ] 23-02-2021 12:03:04.668 TC_LoginTest_001 - ****TC_LoginTest_001 successfuly******
[INFO ] 23-02-2021 12:03:08.412 TC_LoginTest_001 - ***** Starting TC_LoginTest_001******
[INFO ] 23-02-2021 12:03:08.872 TC_LoginTest_001 - **** Validating Title*****
[INFO ] 23-02-2021 12:03:11.549 TC_LoginTest_001 - **** clicks on logout*****
[INFO ] 23-02-2021 12:08:56.100 TC_LoginTest_001 - ****TC_LoginTest_001 successfuly******
[INFO ] 23-02-2021 12:08:59.429 TC_LoginTest_001 - ***** Starting TC_LoginTest_001******
[INFO ] 23-02-2021 12:08:59.952 TC_LoginTest_001 - **** Validating Title*****
[INFO ] 23-02-2021 12:09:03.840 TC_LoginTest_001 - **** clicks on logout*****
[INFO ] 23-02-2021 01:47:12.591 TC_LoginTest_001 - ****TC_LoginTest_001 successfuly******
[INFO ] 23-02-2021 01:47:13.193 TC_LoginTest_001 - ****TC_LoginTest_001 successfuly******
[INFO ] 23-02-2021 01:47:16.429 TC_LoginTest_001 - ***** Starting TC_LoginTest_001******
[INFO ] 23-02-2021 01:47:23.108 TC_LoginTest_001 - ***** Starting TC_LoginTest_001******
[INFO ] 23-02-2021 03:12:40.202 TC_LoginTest_001 - ****TC_LoginTest_001 successfuly******
[INFO ] 23-02-2021 03:12:41.124 TC_LoginTest_001 - ****TC_LoginTest_001 successfuly******
[INFO ] 23-02-2021 03:12:45.482 TC_LoginTest_001 - ***** Starting TC_LoginTest_001******
[INFO ] 23-02-2021 03:12:46.124 TC_LoginTest_001 - ***** Starting TC_LoginTest_001******
[INFO ] 23-02-2021 03:12:46.601 TC_LoginTest_001 - **** Validating Title*****
[INFO ] 23-02-2021 03:12:48.515 TC_LoginTest_001 - **** Validating Title*****
[WARN ] 23-02-2021 03:12:52.709 TC_LoginTest_001 - ***** gettext method is uncsuccessful*****
[INFO ] 23-02-2021 03:12:53.443 TC_LoginTest_001 - **** clicks on logout*****
[WARN ] 23-02-2021 03:12:53.488 TC_LoginTest_001 - ***** gettext method is uncsuccessful*****
[INFO ] 23-02-2021 03:12:54.138 TC_LoginTest_001 - **** clicks on logout*****
[INFO ] 23-02-2021 03:17:37.174 TC_LoginTest_001 - ****TC_LoginTest_001 successfuly******
[INFO ] 23-02-2021 03:17:37.459 TC_LoginTest_001 - ****TC_LoginTest_001 successfuly******
[INFO ] 23-02-2021 03:17:41.695 TC_LoginTest_001 - ***** Starting TC_LoginTest_001******
[INFO ] 23-02-2021 03:17:42.167 TC_LoginTest_001 - **** Validating Title*****
[INFO ] 23-02-2021 03:17:43.313 TC_LoginTest_001 - ***** Starting TC_LoginTest_001******
[WARN ] 23-02-2021 03:17:46.210 TC_LoginTest_001 - ***** gettext method is uncsuccessful*****
[INFO ] 23-02-2021 03:17:46.769 TC_LoginTest_001 - **** clicks on logout*****
[INFO ] 23-02-2021 03:17:48.498 TC_LoginTest_001 - **** Validating Title*****
[WARN ] 23-02-2021 03:17:51.832 TC_LoginTest_001 - ***** gettext method is uncsuccessful*****
[INFO ] 23-02-2021 03:17:53.381 TC_LoginTest_001 - **** clicks on logout*****
[INFO ] 23-02-2021 04:20:02.392 TC_LoginTest_001 - ****TC_LoginTest_001 successfuly******
[INFO ] 23-02-2021 04:20:02.653 TC_LoginTest_001 - ****TC_LoginTest_001 successfuly******
[INFO ] 23-02-2021 04:20:07.752 TC_LoginTest_001 - ***** Starting TC_LoginTest_001******
[INFO ] 23-02-2021 04:20:08.090 TC_LoginTest_001 - ***** Starting TC_LoginTest_001******
[INFO ] 23-02-2021 04:25:38.482 TC_LoginTest_001 - ****TC_LoginTest_001 successfuly******
[INFO ] 23-02-2021 04:25:39.295 TC_LoginTest_001 - ****TC_LoginTest_001 successfuly******
[INFO ] 23-02-2021 04:25:45.162 TC_LoginTest_001 - ***** Starting TC_LoginTest_001******
[INFO ] 23-02-2021 04:25:45.547 TC_LoginTest_001 - ***** Starting TC_LoginTest_001******
[INFO ] 23-02-2021 04:39:39.601 TC_LoginTest_001 - ****TC_LoginTest_001 successfuly******
[INFO ] 23-02-2021 04:39:39.820 TC_LoginTest_001 - ****TC_LoginTest_001 successfuly******
[INFO ] 23-02-2021 04:39:43.841 TC_LoginTest_001 - ***** Starting TC_LoginTest_001******
[INFO ] 23-02-2021 04:39:45.015 TC_LoginTest_001 - ***** Starting TC_LoginTest_001******
[INFO ] 23-02-2021 04:39:51.495 TC_LoginTest_001 - **** Validating Title*****
[WARN ] 23-02-2021 04:39:54.470 TC_LoginTest_001 - ***** gettext method is uncsuccessful*****
[INFO ] 23-02-2021 04:39:55.801 TC_DataTest_002 - **** Validating Title*****
[INFO ] 23-02-2021 04:39:56.344 TC_LoginTest_001 - **** Validating Title*****
[WARN ] 23-02-2021 04:39:57.033 TC_LoginTest_001 - ***** gettext method is uncsuccessful*****
[INFO ] 23-02-2021 04:39:57.732 TC_DataTest_002 - **** Validating Title*****
[INFO ] 23-02-2021 04:40:25.937 TC_LoginTest_001 - **** clicks on logout*****
[INFO ] 23-02-2021 04:40:27.053 TC_DataTest_002 - **** clicks on logout*****
[INFO ] 23-02-2021 04:40:27.809 TC_LoginTest_001 - **** clicks on logout*****
[INFO ] 23-02-2021 04:40:28.947 TC_DataTest_002 - **** clicks on logout*****
[INFO ] 23-02-2021 04:49:34.428 TC_DataTest_002 - **** Validating Title*****
[INFO ] 23-02-2021 04:49:34.666 TC_DataTest_002 - **** Validating Title*****
[INFO ] 23-02-2021 04:50:04.590 TC_DataTest_002 - **** clicks on logout*****
[INFO ] 23-02-2021 04:50:04.728 TC_DataTest_002 - **** clicks on logout*****
[INFO ] 23-02-2021 04:50:37.183 TC_LoginTest_001 - ****TC_LoginTest_001 successfuly******
[INFO ] 23-02-2021 04:50:37.667 TC_LoginTest_001 - ****TC_LoginTest_001 successfuly******
[INFO ] 23-02-2021 04:50:41.279 TC_LoginTest_001 - ***** Starting TC_LoginTest_001******
[INFO ] 23-02-2021 04:50:41.837 TC_LoginTest_001 - ***** Starting TC_LoginTest_001******
[INFO ] 23-02-2021 04:50:47.741 TC_LoginTest_001 - **** Validating Title*****
[WARN ] 23-02-2021 04:50:47.822 TC_LoginTest_001 - ***** gettext method is uncsuccessful*****
[INFO ] 23-02-2021 04:50:47.942 TC_LoginTest_001 - **** Validating Title*****
[WARN ] 23-02-2021 04:50:48.038 TC_LoginTest_001 - ***** gettext method is uncsuccessful*****
[INFO ] 23-02-2021 04:50:48.553 TC_LoginTest_001 - **** clicks on logout*****
[INFO ] 23-02-2021 04:50:48.886 TC_LoginTest_001 - **** clicks on logout*****
[INFO ] 23-02-2021 05:02:05.696 TC_DataTest_002 - **** Validating Title*****
[INFO ] 23-02-2021 05:02:05.894 TC_DataTest_002 - **** Validating Title*****
[INFO ] 23-02-2021 05:02:35.884 TC_DataTest_002 - **** clicks on logout*****
[INFO ] 23-02-2021 05:02:35.921 TC_DataTest_002 - **** clicks on logout*****
[INFO ] 23-02-2021 05:03:08.138 TC_LoginTest_001 - ****TC_LoginTest_001 successfuly******
[INFO ] 23-02-2021 05:03:08.899 TC_LoginTest_001 - ****TC_LoginTest_001 successfuly******
[INFO ] 23-02-2021 05:03:12.630 TC_LoginTest_001 - ***** Starting TC_LoginTest_001******
[INFO ] 23-02-2021 05:03:14.789 TC_LoginTest_001 - ***** Starting TC_LoginTest_001******
[INFO ] 23-02-2021 05:03:17.773 TC_LoginTest_001 - **** Validating Title*****
[WARN ] 23-02-2021 05:03:18.107 TC_LoginTest_001 - ***** gettext method is uncsuccessful*****
[INFO ] 23-02-2021 05:03:18.778 TC_LoginTest_001 - **** clicks on logout*****
[INFO ] 23-02-2021 05:03:19.868 TC_LoginTest_001 - **** Validating Title*****
[WARN ] 23-02-2021 05:03:20.147 TC_LoginTest_001 - ***** gettext method is uncsuccessful*****
[INFO ] 23-02-2021 05:03:20.792 TC_LoginTest_001 - **** clicks on logout*****
[INFO ] 23-02-2021 05:19:53.054 TC_DataTest_002 - **** Validating Title*****
[INFO ] 23-02-2021 05:19:53.323 TC_DataTest_002 - **** Validating Title*****
[INFO ] 23-02-2021 05:23:02.371 TC_DataTest_002 - **** Validating Title*****
[INFO ] 23-02-2021 05:23:02.436 TC_DataTest_002 - **** Validating Title*****
[INFO ] 23-02-2021 05:23:32.480 TC_DataTest_002 - **** clicks on logout*****
[INFO ] 23-02-2021 05:23:32.483 TC_DataTest_002 - **** clicks on logout*****
[INFO ] 23-02-2021 05:24:05.151 TC_LoginTest_001 - ****TC_LoginTest_001 successfuly******
[INFO ] 23-02-2021 05:24:05.601 TC_LoginTest_001 - ****TC_LoginTest_001 successfuly******
[INFO ] 23-02-2021 05:24:09.590 TC_LoginTest_001 - ***** Starting TC_LoginTest_001******
[INFO ] 23-02-2021 05:24:10.413 TC_LoginTest_001 - ***** Starting TC_LoginTest_001******
[INFO ] 23-02-2021 05:24:16.155 TC_LoginTest_001 - **** Validating Title*****
[WARN ] 23-02-2021 05:24:16.243 TC_LoginTest_001 - ***** gettext method is uncsuccessful*****
[INFO ] 23-02-2021 05:24:16.609 TC_LoginTest_001 - **** Validating Title*****
[WARN ] 23-02-2021 05:24:16.681 TC_LoginTest_001 - ***** gettext method is uncsuccessful*****
[INFO ] 23-02-2021 05:24:16.891 TC_LoginTest_001 - **** clicks on logout*****
[INFO ] 23-02-2021 05:24:17.264 TC_LoginTest_001 - **** clicks on logout*****
[INFO ] 23-02-2021 05:35:31.699 TC_LoginTest_001 - **** clicks on logout*****
[INFO ] 23-02-2021 05:35:32.079 TC_LoginTest_001 - **** clicks on logout*****
[INFO ] 23-02-2021 05:37:37.740 TC_DataTest_002 - **** Validating Title*****
[INFO ] 23-02-2021 05:37:37.802 TC_DataTest_002 - **** Validating Title*****
[INFO ] 23-02-2021 05:38:07.880 TC_DataTest_002 - **** clicks on logout*****
[INFO ] 23-02-2021 05:38:07.880 TC_DataTest_002 - **** clicks on logout*****
[INFO ] 23-02-2021 05:46:12.477 TC_DataTest_002 - **** Validating Title*****
[INFO ] 23-02-2021 05:46:12.547 TC_DataTest_002 - **** Validating Title*****
[INFO ] 23-02-2021 05:50:20.459 TC_DataTest_002 - **** Validating Title*****
[INFO ] 23-02-2021 05:50:22.363 TC_DataTest_002 - ****TC_DataTest_002 successfuly******
[INFO ] 23-02-2021 05:50:29.669 TC_DataTest_002 - ****TC_DataTest_002 successfuly******
[INFO ] 23-02-2021 05:50:34.311 TC_DataTest_002 - ****TC_DataTest_002 successfuly******
[INFO ] 23-02-2021 05:50:38.514 TC_DataTest_002 - ****TC_DataTest_002 successfuly******
[INFO ] 23-02-2021 05:50:42.654 TC_DataTest_002 - ****TC_DataTest_002 successfuly******
[INFO ] 23-02-2021 05:50:47.003 TC_DataTest_002 - ****TC_DataTest_002 successfuly******
[INFO ] 23-02-2021 05:50:50.763 TC_DataTest_002 - **** clicks on logout*****
[INFO ] 23-02-2021 05:50:51.349 TC_DataTest_002 - **** Validating Title*****
[WARN ] 23-02-2021 05:50:51.423 TC_DataTest_002 - ***** gettext method is uncsuccessful*****
[INFO ] 23-02-2021 05:50:51.428 TC_DataTest_002 - **** clicks on logout*****
[INFO ] 23-02-2021 05:53:33.913 TC_DataTest_002 - ****TC_DataTest_002 successfuly******
[INFO ] 23-02-2021 05:53:33.913 TC_DataTest_002 - ****TC_DataTest_002 successfuly******
[INFO ] 23-02-2021 05:57:05.533 TC_DataTest_002 - **** Validating Title*****
[INFO ] 23-02-2021 05:57:05.533 TC_DataTest_002 - **** Validating Title*****
[INFO ] 23-02-2021 05:57:35.603 TC_DataTest_002 - **** clicks on logout*****
[INFO ] 23-02-2021 05:57:35.604 TC_DataTest_002 - **** clicks on logout*****
[INFO ] 23-02-2021 06:00:47.251 TC_DataTest_002 - ****TC_DataTest_002 successfuly******
[INFO ] 23-02-2021 06:12:56.113 TC_DataTest_002 - **** Validating Title*****
[INFO ] 23-02-2021 06:12:56.274 TC_DataTest_002 - **** Validating Title*****
[INFO ] 23-02-2021 06:13:26.346 TC_DataTest_002 - **** clicks on logout*****
[INFO ] 23-02-2021 06:13:26.384 TC_DataTest_002 - **** clicks on logout*****
[INFO ] 23-02-2021 06:18:03.205 TC_DataTest_002 - **** Validating Title*****
[INFO ] 23-02-2021 06:18:04.608 TC_DataTest_002 - ****TC_DataTest_002 successfuly******
[INFO ] 23-02-2021 06:18:11.578 TC_DataTest_002 - ****TC_DataTest_002 successfuly******
[INFO ] 23-02-2021 06:18:16.421 TC_DataTest_002 - ****TC_DataTest_002 successfuly******
[INFO ] 23-02-2021 06:18:21.030 TC_DataTest_002 - ****TC_DataTest_002 successfuly******
[INFO ] 23-02-2021 06:18:25.583 TC_DataTest_002 - ****TC_DataTest_002 successfuly******
[INFO ] 23-02-2021 06:18:29.989 TC_DataTest_002 - ****TC_DataTest_002 successfuly******
[INFO ] 23-02-2021 06:18:33.649 TC_DataTest_002 - **** clicks on logout*****
[INFO ] 23-02-2021 06:18:34.038 TC_DataTest_002 - **** Validating Title*****
[WARN ] 23-02-2021 06:18:34.098 TC_DataTest_002 - ***** gettext method is uncsuccessful*****
[INFO ] 23-02-2021 06:18:34.102 TC_DataTest_002 - **** clicks on logout*****
[INFO ] 23-02-2021 06:19:54.498 TC_DataTest_002 - **** Validating Title*****
[INFO ] 23-02-2021 06:19:54.516 TC_DataTest_002 - **** Validating Title*****
[INFO ] 23-02-2021 06:20:24.566 TC_DataTest_002 - **** clicks on logout*****
[INFO ] 23-02-2021 06:20:24.567 TC_DataTest_002 - **** clicks on logout*****
[INFO ] 23-02-2021 06:22:09.136 TC_DataTest_002 - ****TC_DataTest_002 successfuly******
[INFO ] 23-02-2021 06:22:16.915 TC_DataTest_002 - ****TC_DataTest_002 successfuly******
[INFO ] 23-02-2021 06:22:21.457 TC_DataTest_002 - ****TC_DataTest_002 successfuly******
[INFO ] 23-02-2021 06:22:25.544 TC_DataTest_002 - ****TC_DataTest_002 successfuly******
[INFO ] 23-02-2021 06:22:29.675 TC_DataTest_002 - ****TC_DataTest_002 successfuly******
[INFO ] 23-02-2021 06:22:33.584 TC_DataTest_002 - ****TC_DataTest_002 successfuly******
[INFO ] 23-02-2021 06:22:37.531 TC_DataTest_002 - **** Validating Title*****
[WARN ] 23-02-2021 06:22:37.571 TC_DataTest_002 - ***** gettext method is uncsuccessful*****
[INFO ] 23-02-2021 06:22:37.575 TC_DataTest_002 - **** clicks on logout*****
[INFO ] 23-02-2021 06:23:15.021 TC_DataTest_002 - ****TC_DataTest_002 successfuly******
[INFO ] 23-02-2021 06:23:21.831 TC_DataTest_002 - ****TC_DataTest_002 successfuly******
[INFO ] 23-02-2021 06:23:26.168 TC_DataTest_002 - ****TC_DataTest_002 successfuly******
[INFO ] 23-02-2021 06:23:30.191 TC_DataTest_002 - ****TC_DataTest_002 successfuly******
[INFO ] 23-02-2021 06:23:34.179 TC_DataTest_002 - ****TC_DataTest_002 successfuly******
[INFO ] 23-02-2021 06:23:38.071 TC_DataTest_002 - ****TC_DataTest_002 successfuly******
[INFO ] 23-02-2021 06:23:42.064 TC_DataTest_002 - **** Validating Title*****
[WARN ] 23-02-2021 06:23:42.109 TC_DataTest_002 - ***** gettext method is uncsuccessful*****
[INFO ] 23-02-2021 06:23:42.114 TC_DataTest_002 - **** clicks on logout*****
[INFO ] 23-02-2021 06:29:27.972 TC_LoginTest_001 - **** clicks on logout*****
[INFO ] 23-02-2021 06:29:58.060 TC_LoginTest_001 - ****TC_LoginTest_001 successfuly******
[INFO ] 23-02-2021 06:30:01.143 TC_LoginTest_001 - ***** Starting TC_LoginTest_001******
[INFO ] 23-02-2021 06:30:01.462 TC_LoginTest_001 - **** Validating Title*****
[WARN ] 23-02-2021 06:30:04.550 TC_LoginTest_001 - ***** gettext method is uncsuccessful*****
[INFO ] 23-02-2021 06:30:13.580 TC_DataTest_002 - ****TC_DataTest_002 successfuly******
[INFO ] 23-02-2021 06:30:19.364 TC_DataTest_002 - ****TC_DataTest_002 successfuly******
[INFO ] 23-02-2021 06:30:23.472 TC_DataTest_002 - ****TC_DataTest_002 successfuly******
[INFO ] 23-02-2021 06:30:27.340 TC_DataTest_002 - ****TC_DataTest_002 successfuly******
[INFO ] 23-02-2021 06:30:31.400 TC_DataTest_002 - ****TC_DataTest_002 successfuly******
[INFO ] 23-02-2021 06:30:35.308 TC_DataTest_002 - ****TC_DataTest_002 successfuly******
[INFO ] 23-02-2021 06:30:39.378 TC_DataTest_002 - **** Validating Title*****
[WARN ] 23-02-2021 06:30:39.415 TC_DataTest_002 - ***** gettext method is uncsuccessful*****
[INFO ] 23-02-2021 06:30:39.417 TC_DataTest_002 - **** clicks on logout*****
[INFO ] 23-02-2021 06:32:42.860 TC_LoginTest_001 - ****TC_LoginTest_001 successfuly******
[INFO ] 23-02-2021 06:32:48.702 TC_LoginTest_001 - ***** Starting TC_LoginTest_001******
[INFO ] 23-02-2021 06:32:49.268 TC_LoginTest_001 - **** Validating Title*****
[WARN ] 23-02-2021 06:32:53.347 TC_LoginTest_001 - ***** gettext method is uncsuccessful*****
[INFO ] 23-02-2021 06:32:53.951 TC_LoginTest_001 - **** clicks on logout*****
[INFO ] 23-02-2021 06:33:00.639 TC_DataTest_002 - ****TC_DataTest_002 successfuly******
[INFO ] 23-02-2021 06:33:06.768 TC_DataTest_002 - ****TC_DataTest_002 successfuly******
[INFO ] 23-02-2021 06:33:10.961 TC_DataTest_002 - ****TC_DataTest_002 successfuly******
[INFO ] 23-02-2021 06:33:14.961 TC_DataTest_002 - ****TC_DataTest_002 successfuly******
[INFO ] 23-02-2021 06:33:18.970 TC_DataTest_002 - ****TC_DataTest_002 successfuly******
[INFO ] 23-02-2021 06:33:22.943 TC_DataTest_002 - ****TC_DataTest_002 successfuly******
[INFO ] 23-02-2021 06:33:26.934 TC_DataTest_002 - **** Validating Title*****
[WARN ] 23-02-2021 06:33:26.975 TC_DataTest_002 - ***** gettext method is uncsuccessful*****
[INFO ] 23-02-2021 06:33:26.977 TC_DataTest_002 - **** clicks on logout*****
[INFO ] 23-02-2021 07:10:04.520 TC_LoginTest_001 - **** clicks on logout*****
[INFO ] 23-02-2021 07:10:34.620 TC_LoginTest_001 - ****TC_LoginTest_001 successfuly******
[INFO ] 23-02-2021 07:10:36.694 TC_LoginTest_001 - ***** Starting TC_LoginTest_001******
[INFO ] 23-02-2021 07:10:37.017 TC_LoginTest_001 - **** Validating Title*****
[WARN ] 23-02-2021 07:10:39.217 TC_LoginTest_001 - ***** gettext method is uncsuccessful*****
[INFO ] 23-02-2021 07:10:44.554 TC_DataTest_002 - ****TC_DataTest_002 successfuly******
[INFO ] 23-02-2021 07:10:50.720 TC_DataTest_002 - ****TC_DataTest_002 successfuly******
[INFO ] 23-02-2021 07:10:56.016 TC_DataTest_002 - ****TC_DataTest_002 successfuly******
[INFO ] 23-02-2021 07:11:00.191 TC_DataTest_002 - ****TC_DataTest_002 successfuly******
[INFO ] 23-02-2021 07:11:04.354 TC_DataTest_002 - ****TC_DataTest_002 successfuly******
[INFO ] 23-02-2021 07:11:08.271 TC_DataTest_002 - ****TC_DataTest_002 successfuly******
[INFO ] 23-02-2021 07:11:12.270 TC_DataTest_002 - **** Validating Title*****
[WARN ] 23-02-2021 07:11:12.320 TC_DataTest_002 - ***** gettext method is uncsuccessful*****
[INFO ] 23-02-2021 07:11:12.321 TC_DataTest_002 - **** clicks on logout*****
[INFO ] 23-02-2021 07:42:23.756 TC_LoginTest_001 - ****TC_LoginTest_001 successfuly******
[INFO ] 23-02-2021 07:42:26.967 TC_LoginTest_001 - ***** Starting TC_LoginTest_001******
[INFO ] 23-02-2021 07:42:27.308 TC_LoginTest_001 - **** Validating Title*****
[WARN ] 23-02-2021 07:42:29.382 TC_LoginTest_001 - ***** gettext method is uncsuccessful*****
[INFO ] 23-02-2021 07:42:29.832 TC_LoginTest_001 - **** clicks on logout*****
[INFO ] 23-02-2021 07:42:35.805 TC_DataTest_002 - ****TC_DataTest_002 successfuly******
[INFO ] 23-02-2021 07:42:41.848 TC_DataTest_002 - ****TC_DataTest_002 successfuly******
[INFO ] 23-02-2021 07:42:46.244 TC_DataTest_002 - ****TC_DataTest_002 successfuly******
[INFO ] 23-02-2021 07:42:50.093 TC_DataTest_002 - ****TC_DataTest_002 successfuly******
[INFO ] 23-02-2021 07:42:53.999 TC_DataTest_002 - ****TC_DataTest_002 successfuly******
[INFO ] 23-02-2021 07:42:58.086 TC_DataTest_002 - ****TC_DataTest_002 successfuly******
[INFO ] 23-02-2021 07:43:01.961 TC_DataTest_002 - **** Validating Title*****
[WARN ] 23-02-2021 07:43:02.006 TC_DataTest_002 - ***** gettext method is uncsuccessful*****
[INFO ] 23-02-2021 07:43:02.008 TC_DataTest_002 - **** clicks on logout*****
[INFO ] 23-02-2021 07:43:06.069 TC_LoginTest_001 - ****TC_LoginTest_001 successfuly******
[INFO ] 23-02-2021 07:43:10.619 TC_LoginTest_001 - ***** Starting TC_LoginTest_001******
[INFO ] 23-02-2021 07:43:11.158 TC_LoginTest_001 - **** Validating Title*****
[WARN ] 23-02-2021 07:43:14.774 TC_LoginTest_001 - ***** gettext method is uncsuccessful*****
[INFO ] 23-02-2021 07:43:15.325 TC_LoginTest_001 - **** clicks on logout*****
[INFO ] 23-02-2021 07:43:20.391 TC_DataTest_002 - ****TC_DataTest_002 successfuly******
[INFO ] 23-02-2021 07:43:26.696 TC_DataTest_002 - ****TC_DataTest_002 successfuly******
[INFO ] 23-02-2021 07:43:30.792 TC_DataTest_002 - ****TC_DataTest_002 successfuly******
[INFO ] 23-02-2021 07:43:34.772 TC_DataTest_002 - ****TC_DataTest_002 successfuly******
[INFO ] 23-02-2021 07:43:38.843 TC_DataTest_002 - ****TC_DataTest_002 successfuly******
[INFO ] 23-02-2021 07:43:42.991 TC_DataTest_002 - ****TC_DataTest_002 successfuly******
[INFO ] 23-02-2021 07:43:47.107 TC_DataTest_002 - **** Validating Title*****
[WARN ] 23-02-2021 07:43:47.153 TC_DataTest_002 - ***** gettext method is uncsuccessful*****
[INFO ] 23-02-2021 07:43:47.155 TC_DataTest_002 - **** clicks on logout*****
[INFO ] 23-02-2021 07:47:22.404 TC_DataTest_002 - ****TC_DataTest_002 successfuly******
[INFO ] 23-02-2021 07:47:22.445 TC_DataTest_002 - ****TC_DataTest_002 successfuly******
[INFO ] 23-02-2021 07:47:31.011 TC_DataTest_002 - ****TC_DataTest_002 successfuly******
[INFO ] 23-02-2021 07:47:31.011 TC_DataTest_002 - ****TC_DataTest_002 successfuly******
[INFO ] 23-02-2021 07:47:36.320 TC_DataTest_002 - ****TC_DataTest_002 successfuly******
[INFO ] 23-02-2021 07:47:38.364 TC_DataTest_002 - ****TC_DataTest_002 successfuly******
[INFO ] 23-02-2021 07:47:40.746 TC_DataTest_002 - ****TC_DataTest_002 successfuly******
[INFO ] 23-02-2021 07:47:42.787 TC_DataTest_002 - ****TC_DataTest_002 successfuly******
[INFO ] 23-02-2021 07:47:44.943 TC_DataTest_002 - ****TC_DataTest_002 successfuly******
[INFO ] 23-02-2021 07:47:47.102 TC_DataTest_002 - ****TC_DataTest_002 successfuly******
[INFO ] 23-02-2021 07:47:48.999 TC_DataTest_002 - ****TC_DataTest_002 successfuly******
[INFO ] 23-02-2021 07:47:51.010 TC_DataTest_002 - ****TC_DataTest_002 successfuly******
[INFO ] 23-02-2021 07:47:53.087 TC_DataTest_002 - **** Validating Title*****
[INFO ] 23-02-2021 07:47:54.887 TC_DataTest_002 - **** Validating Title*****
[INFO ] 23-02-2021 07:48:23.123 TC_DataTest_002 - **** clicks on logout*****
[INFO ] 23-02-2021 07:48:24.932 TC_DataTest_002 - **** clicks on logout*****
[INFO ] 23-02-2021 07:48:59.921 TC_LoginTest_001 - ****TC_LoginTest_001 successfuly******
[INFO ] 23-02-2021 07:49:03.629 TC_LoginTest_001 - ***** Starting TC_LoginTest_001******
[INFO ] 23-02-2021 07:49:04.106 TC_LoginTest_001 - **** Validating Title*****
[INFO ] 23-02-2021 07:49:34.160 TC_LoginTest_001 - **** clicks on logout*****
[INFO ] 23-02-2021 10:54:35.531 TC_CreateTask_003 - ****Starting TC_CreateTask_003 successfuly******
[INFO ] 23-02-2021 10:54:35.596 TC_CreateTask_003 - **** Validating Title*****
[INFO ] 23-02-2021 11:00:35.554 TC_CreateTask_003 - ****Starting TC_CreateTask_003 successfuly******
[INFO ] 23-02-2021 11:00:35.636 TC_CreateTask_003 - **** Validating Title*****
[INFO ] 23-02-2021 11:04:15.580 TC_CreateTask_003 - ****Starting TC_CreateTask_003 successfuly******
[INFO ] 23-02-2021 11:04:18.663 TC_CreateTask_003 - ***** Validating login details of TC_CreateTask_003******
[INFO ] 23-02-2021 11:04:22.135 TC_CreateTask_003 - **** Validating Title*****
[WARN ] 23-02-2021 11:04:22.351 TC_CreateTask_003 - ***** gettext method is uncsuccessful*****
[INFO ] 23-02-2021 11:04:22.354 TC_CreateTask_003 - **** Creating a new customer Task****
[INFO ] 23-02-2021 11:09:18.534 TC_CreateTask_003 - ****Starting TC_CreateTask_003 successfuly******
[INFO ] 23-02-2021 11:09:21.626 TC_CreateTask_003 - ***** Validating login details of TC_CreateTask_003******
[INFO ] 23-02-2021 11:09:25.154 TC_CreateTask_003 - **** Validating Title*****
[WARN ] 23-02-2021 11:09:25.206 TC_CreateTask_003 - ***** gettext method is uncsuccessful*****
[INFO ] 23-02-2021 11:09:25.208 TC_CreateTask_003 - **** Creating a new customer Task****
[INFO ] 23-02-2021 11:11:59.603 TC_CreateTask_003 - ****Starting TC_CreateTask_003 successfuly******
[INFO ] 23-02-2021 11:12:02.529 TC_CreateTask_003 - ***** Validating login details of TC_CreateTask_003******
[INFO ] 23-02-2021 11:12:05.950 TC_CreateTask_003 - **** Validating Title*****
[WARN ] 23-02-2021 11:12:05.993 TC_CreateTask_003 - ***** gettext method is uncsuccessful*****
[INFO ] 23-02-2021 11:12:05.996 TC_CreateTask_003 - **** Creating a new customer Task****
[INFO ] 23-02-2021 11:14:49.048 TC_CreateTask_003 - ****Starting TC_CreateTask_003 successfuly******
[INFO ] 23-02-2021 11:14:51.762 TC_CreateTask_003 - ***** Validating login details of TC_CreateTask_003******
[INFO ] 23-02-2021 11:14:55.081 TC_CreateTask_003 - **** Validating Title*****
[WARN ] 23-02-2021 11:14:55.121 TC_CreateTask_003 - ***** gettext method is uncsuccessful*****
[INFO ] 23-02-2021 11:14:55.123 TC_CreateTask_003 - **** Creating a new customer Task****
[INFO ] 23-02-2021 11:25:19.532 TC_LoginTest_001 - ****TC_LoginTest_001 successfuly******
[INFO ] 23-02-2021 11:25:22.739 TC_LoginTest_001 - ***** Starting TC_LoginTest_001******
[INFO ] 23-02-2021 11:25:23.169 TC_LoginTest_001 - **** Validating Title*****
[WARN ] 23-02-2021 11:25:26.581 TC_LoginTest_001 - ***** gettext method is uncsuccessful*****
[INFO ] 23-02-2021 11:25:27.256 TC_LoginTest_001 - **** clicks on logout*****
[INFO ] 23-02-2021 11:25:33.356 TC_DataTest_002 - ****TC_DataTest_002 successfuly******
[INFO ] 23-02-2021 11:25:39.289 TC_DataTest_002 - ****TC_DataTest_002 successfuly******
[INFO ] 23-02-2021 11:25:43.627 TC_DataTest_002 - ****TC_DataTest_002 successfuly******
[INFO ] 23-02-2021 11:25:47.941 TC_DataTest_002 - ****TC_DataTest_002 successfuly******
[INFO ] 23-02-2021 11:25:52.002 TC_DataTest_002 - ****TC_DataTest_002 successfuly******
[INFO ] 23-02-2021 11:25:56.210 TC_DataTest_002 - ****TC_DataTest_002 successfuly******
[INFO ] 23-02-2021 11:26:00.245 TC_DataTest_002 - **** Validating Title*****
[WARN ] 23-02-2021 11:26:00.300 TC_DataTest_002 - ***** gettext method is uncsuccessful*****
[INFO ] 23-02-2021 11:26:00.302 TC_DataTest_002 - **** clicks on logout*****
[INFO ] 23-02-2021 11:26:03.047 TC_CreateTask_003 - ****Starting TC_CreateTask_003 successfuly******
[INFO ] 23-02-2021 11:26:06.020 TC_CreateTask_003 - ***** Validating login details of TC_CreateTask_003******
[INFO ] 23-02-2021 11:26:09.338 TC_CreateTask_003 - **** Validating Title*****
[WARN ] 23-02-2021 11:26:09.379 TC_CreateTask_003 - ***** gettext method is uncsuccessful*****
[INFO ] 23-02-2021 11:26:09.380 TC_CreateTask_003 - **** Creating a new customer Task****
[INFO ] 23-02-2021 11:42:29.220 TC_CreateTask_003 - ****Starting TC_CreateTask_003 successfuly******
[INFO ] 23-02-2021 11:42:32.360 TC_CreateTask_003 - ***** Validating login details of TC_CreateTask_003******
[INFO ] 23-02-2021 11:42:35.855 TC_CreateTask_003 - **** Validating Title*****
[WARN ] 23-02-2021 11:42:35.960 TC_CreateTask_003 - ***** gettext method is uncsuccessful*****
[INFO ] 23-02-2021 11:42:35.962 TC_CreateTask_003 - **** Creating a new customer Task****
[INFO ] 23-02-2021 11:51:19.410 TC_CreateTask_003 - ****Starting TC_CreateTask_003 successfuly******
[INFO ] 23-02-2021 11:51:22.542 TC_CreateTask_003 - ***** Validating login details of TC_CreateTask_003******
[INFO ] 23-02-2021 11:51:26.021 TC_CreateTask_003 - **** Validating Title*****
[WARN ] 23-02-2021 11:51:26.070 TC_CreateTask_003 - ***** gettext method is uncsuccessful*****
[INFO ] 23-02-2021 11:51:26.073 TC_CreateTask_003 - **** Creating a new customer Task****
[INFO ] 27-03-2021 08:46:48.130 TC_CreateTask_003 - ****Starting TC_CreateTask_003 successfuly******
[INFO ] 27-03-2021 08:46:57.838 TC_CreateTask_003 - ***** Validating login details of TC_CreateTask_003******
[INFO ] 27-03-2021 08:47:02.431 TC_CreateTask_003 - **** Validating Title*****
[WARN ] 27-03-2021 08:47:07.095 TC_CreateTask_003 - ***** gettext method is uncsuccessful*****
[INFO ] 27-03-2021 08:47:07.104 TC_CreateTask_003 - **** Creating a new customer Task****
[INFO ] 27-03-2021 08:50:53.464 TC_CreateTask_003 - ****Starting TC_CreateTask_003 successfuly******
[INFO ] 27-03-2021 08:51:03.648 TC_CreateTask_003 - ***** Validating login details of TC_CreateTask_003******
[INFO ] 27-03-2021 08:51:08.533 TC_CreateTask_003 - **** Validating Title*****
[WARN ] 27-03-2021 08:51:14.610 TC_CreateTask_003 - ***** gettext method is uncsuccessful*****
[INFO ] 27-03-2021 08:51:14.620 TC_CreateTask_003 - **** Creating a new customer Task****
[INFO ] 27-03-2021 08:58:18.660 TC_LoginTest_001 - ****TC_LoginTest_001 successfuly******
[INFO ] 27-03-2021 08:58:41.853 TC_LoginTest_001 - ***** Starting TC_LoginTest_001******
[INFO ] 27-03-2021 08:58:43.485 TC_LoginTest_001 - **** Validating Title*****
[WARN ] 27-03-2021 08:58:54.943 TC_LoginTest_001 - ***** gettext method is uncsuccessful*****
[INFO ] 27-03-2021 08:58:56.485 TC_LoginTest_001 - **** clicks on logout*****
[INFO ] 27-03-2021 09:00:43.156 TC_CreateTask_003 - ****Starting TC_CreateTask_003 successfuly******
[INFO ] 27-03-2021 09:01:00.536 TC_CreateTask_003 - ***** Validating login details of TC_CreateTask_003******
[INFO ] 27-03-2021 09:01:05.993 TC_CreateTask_003 - **** Validating Title*****
[WARN ] 27-03-2021 09:01:15.800 TC_CreateTask_003 - ***** gettext method is uncsuccessful*****
[INFO ] 27-03-2021 09:01:15.810 TC_CreateTask_003 - **** Creating a new customer Task****
[INFO ] 27-03-2021 09:04:05.736 TC_DataTest_002 - ****TC_DataTest_002 successfuly******
[INFO ] 27-03-2021 09:04:22.361 TC_DataTest_002 - ****TC_DataTest_002 successfuly******
[INFO ] 27-03-2021 09:04:32.976 TC_DataTest_002 - ****TC_DataTest_002 successfuly******
[INFO ] 27-03-2021 09:04:39.540 TC_DataTest_002 - ****TC_DataTest_002 successfuly******
[INFO ] 27-03-2021 09:04:46.183 TC_DataTest_002 - ****TC_DataTest_002 successfuly******
[INFO ] 27-03-2021 09:04:54.766 TC_DataTest_002 - ****TC_DataTest_002 successfuly******
[INFO ] 27-03-2021 09:05:00.852 TC_DataTest_002 - **** Validating Title*****
[WARN ] 27-03-2021 09:05:04.658 TC_DataTest_002 - ***** gettext method is uncsuccessful*****
[INFO ] 27-03-2021 09:05:04.671 TC_DataTest_002 - **** clicks on logout*****
[INFO ] 27-03-2021 09:07:20.044 TC_LoginTest_001 - ****TC_LoginTest_001 successfuly******
[INFO ] 27-03-2021 09:07:28.561 TC_LoginTest_001 - ***** Starting TC_LoginTest_001******
[INFO ] 27-03-2021 09:07:32.948 TC_LoginTest_001 - **** Validating Title*****
[WARN ] 27-03-2021 09:07:47.629 TC_LoginTest_001 - ***** gettext method is uncsuccessful*****
[INFO ] 27-03-2021 09:07:49.272 TC_LoginTest_001 - **** clicks on logout*****
[INFO ] 27-03-2021 09:08:43.430 TC_CreateTask_003 - ****Starting TC_CreateTask_003 successfuly******
[INFO ] 27-03-2021 09:08:53.379 TC_CreateTask_003 - ***** Validating login details of TC_CreateTask_003******
[INFO ] 27-03-2021 09:08:57.862 TC_CreateTask_003 - **** Validating Title*****
[WARN ] 27-03-2021 09:09:08.592 TC_CreateTask_003 - ***** gettext method is uncsuccessful*****
[INFO ] 27-03-2021 09:09:08.601 TC_CreateTask_003 - **** Creating a new customer Task****
[INFO ] 27-03-2021 09:27:40.301 TC_CreateTask_003 - ****Starting TC_CreateTask_003 successfuly******
[INFO ] 27-03-2021 09:27:48.639 TC_CreateTask_003 - ***** Validating login details of TC_CreateTask_003******
[INFO ] 27-03-2021 09:27:53.419 TC_CreateTask_003 - **** Validating Title*****
[WARN ] 27-03-2021 09:28:10.240 TC_CreateTask_003 - ***** gettext method is uncsuccessful*****
[INFO ] 27-03-2021 09:28:10.250 TC_CreateTask_003 - **** Creating a new customer Task****
[INFO ] 27-03-2021 09:31:17.249 TC_CreateTask_003 - ****Starting TC_CreateTask_003 successfuly******
[INFO ] 27-03-2021 09:31:29.319 TC_CreateTask_003 - ***** Validating login details of TC_CreateTask_003******
[INFO ] 27-03-2021 09:31:33.819 TC_CreateTask_003 - **** Validating Title*****
[WARN ] 27-03-2021 09:31:49.333 TC_CreateTask_003 - ***** gettext method is uncsuccessful*****
[INFO ] 27-03-2021 09:31:49.342 TC_CreateTask_003 - **** Creating a new customer Task****
[INFO ] 27-03-2021 09:38:48.168 TC_CreateTask_003 - ****Starting TC_CreateTask_003 successfuly******
[INFO ] 27-03-2021 09:39:08.625 TC_CreateTask_003 - ***** Validating login details of TC_CreateTask_003******
[INFO ] 27-03-2021 09:39:14.210 TC_CreateTask_003 - **** Validating Title*****
[WARN ] 27-03-2021 09:39:23.399 TC_CreateTask_003 - ***** gettext method is uncsuccessful*****
[INFO ] 27-03-2021 09:39:23.409 TC_CreateTask_003 - **** Creating a new customer Task****
[INFO ] 27-03-2021 10:34:05.456 TC_CreateTask_003 - ****Starting TC_CreateTask_003 successfuly******
[INFO ] 27-03-2021 10:34:14.202 TC_CreateTask_003 - ***** Validating login details of TC_CreateTask_003******
[INFO ] 27-03-2021 10:34:19.815 TC_CreateTask_003 - **** Validating Title*****
[WARN ] 27-03-2021 10:34:26.834 TC_CreateTask_003 - ***** gettext method is uncsuccessful*****
[INFO ] 27-03-2021 10:34:26.844 TC_CreateTask_003 - **** Creating a new customer Task****
[INFO ] 27-03-2021 10:35:51.066 TC_CreateTask_003 - ****Starting TC_CreateTask_003 successfuly******
[INFO ] 27-03-2021 10:36:00.754 TC_CreateTask_003 - ***** Validating login details of TC_CreateTask_003******
[INFO ] 27-03-2021 10:36:05.488 TC_CreateTask_003 - **** Validating Title*****
[WARN ] 27-03-2021 10:36:11.660 TC_CreateTask_003 - ***** gettext method is uncsuccessful*****
[INFO ] 27-03-2021 10:36:11.670 TC_CreateTask_003 - **** Creating a new customer Task****
[INFO ] 27-03-2021 10:38:55.571 TC_CreateTask_003 - ****Starting TC_CreateTask_003 successfuly******
[INFO ] 27-03-2021 10:39:03.824 TC_CreateTask_003 - ***** Validating login details of TC_CreateTask_003******
[INFO ] 27-03-2021 10:39:08.817 TC_CreateTask_003 - **** Validating Title*****
[WARN ] 27-03-2021 10:39:15.645 TC_CreateTask_003 - ***** gettext method is uncsuccessful*****
[INFO ] 27-03-2021 10:39:15.651 TC_CreateTask_003 - **** Creating a new customer Task****
[INFO ] 27-03-2021 10:43:22.264 TC_CreateTask_003 - ****Starting TC_CreateTask_003 successfuly******
[INFO ] 27-03-2021 10:43:32.120 TC_CreateTask_003 - ***** Validating login details of TC_CreateTask_003******
[INFO ] 27-03-2021 10:43:36.714 TC_CreateTask_003 - **** Validating Title*****
[WARN ] 27-03-2021 10:43:44.608 TC_CreateTask_003 - ***** gettext method is uncsuccessful*****
[INFO ] 27-03-2021 10:43:44.620 TC_CreateTask_003 - **** Creating a new customer Task****
[INFO ] 27-03-2021 10:44:21.855 TC_DataTest_002 - ****TC_DataTest_002 successfuly******
[INFO ] 27-03-2021 10:44:34.656 TC_DataTest_002 - ****TC_DataTest_002 successfuly******
[INFO ] 27-03-2021 10:44:44.512 TC_DataTest_002 - ****TC_DataTest_002 successfuly******
[INFO ] 27-03-2021 10:44:50.506 TC_DataTest_002 - ****TC_DataTest_002 successfuly******
[INFO ] 27-03-2021 10:44:56.970 TC_DataTest_002 - ****TC_DataTest_002 successfuly******
[INFO ] 27-03-2021 10:45:03.144 TC_DataTest_002 - ****TC_DataTest_002 successfuly******
[INFO ] 27-03-2021 10:45:08.874 TC_DataTest_002 - **** Validating Title*****
[WARN ] 27-03-2021 10:45:12.015 TC_DataTest_002 - ***** gettext method is uncsuccessful*****
[INFO ] 27-03-2021 10:45:12.022 TC_DataTest_002 - **** clicks on logout*****
[INFO ] 27-03-2021 10:45:18.646 TC_LoginTest_001 - ****TC_LoginTest_001 successfuly******
[INFO ] 27-03-2021 10:45:24.918 TC_LoginTest_001 - ***** Starting TC_LoginTest_001******
[INFO ] 27-03-2021 10:45:26.784 TC_LoginTest_001 - **** Validating Title*****
[WARN ] 27-03-2021 10:45:34.423 TC_LoginTest_001 - ***** gettext method is uncsuccessful*****
[INFO ] 27-03-2021 10:45:35.713 TC_LoginTest_001 - **** clicks on logout*****
[INFO ] 27-03-2021 10:47:18.714 TC_DataTest_002 - ****TC_DataTest_002 successfuly******
[INFO ] 27-03-2021 10:47:33.599 TC_DataTest_002 - ****TC_DataTest_002 successfuly******
[INFO ] 27-03-2021 10:47:45.324 TC_DataTest_002 - ****TC_DataTest_002 successfuly******
[INFO ] 27-03-2021 10:47:54.237 TC_DataTest_002 - ****TC_DataTest_002 successfuly******
[INFO ] 27-03-2021 10:48:02.569 TC_DataTest_002 - ****TC_DataTest_002 successfuly******
[INFO ] 27-03-2021 10:48:11.404 TC_DataTest_002 - ****TC_DataTest_002 successfuly******
[INFO ] 27-03-2021 10:48:19.262 TC_DataTest_002 - **** Validating Title*****
[WARN ] 27-03-2021 10:48:26.137 TC_DataTest_002 - ***** gettext method is uncsuccessful*****
[INFO ] 27-03-2021 10:48:26.151 TC_DataTest_002 - **** clicks on logout*****
[INFO ] 27-03-2021 10:48:35.015 TC_CreateTask_003 - ****Starting TC_CreateTask_003 successfuly******
[INFO ] 27-03-2021 10:48:43.191 TC_CreateTask_003 - ***** Validating login details of TC_CreateTask_003******
[INFO ] 27-03-2021 10:48:54.484 TC_LoginTest_001 - ****TC_LoginTest_001 successfuly******
[INFO ] 27-03-2021 10:49:06.873 TC_LoginTest_001 - ***** Starting TC_LoginTest_001******
[INFO ] 27-03-2021 10:49:08.517 TC_CreateTask_003 - **** Validating Title*****
[WARN ] 27-03-2021 10:49:09.064 TC_CreateTask_003 - ***** gettext method is uncsuccessful*****
[INFO ] 27-03-2021 10:49:09.068 TC_CreateTask_003 - **** Creating a new customer Task****
[INFO ] 27-03-2021 10:49:41.485 TC_LoginTest_001 - **** Validating Title*****
[WARN ] 27-03-2021 10:49:41.803 TC_LoginTest_001 - ***** gettext method is uncsuccessful*****
[INFO ] 27-03-2021 10:49:43.447 TC_LoginTest_001 - **** clicks on logout*****
